<?xml version="1.0" encoding="UTF-8"?>
<!-- Generated by org.testng.reporters.JUnitXMLReporter -->
<testsuite hostname="ADIL" name="Default test" tests="5" failures="0" timestamp="11 Aug 2019 18:40:52 GMT" time="22.481" errors="0">
  <testcase name="preRequisites" time="0.069" classname="com.assignment.testclass.HomePageTest"/>
  <testcase name="signIn" time="2.412" classname="com.assignment.testclass.HomePageTest"/>
  <testcase name="registerUser" time="7.333" classname="com.assignment.testclass.HomePageTest"/>
  <testcase name="addToCart" time="11.868" classname="com.assignment.testclass.HomePageTest"/>
  <testcase name="verifyPriceOnSummaryPage" time="0.77" classname="com.assignment.testclass.HomePageTest"/>
</testsuite> <!-- Default test -->
