<?xml version="1.0" encoding="UTF-8"?>
<testng-results skipped="0" failed="0" total="5" passed="5">
  <reporter-output>
  </reporter-output>
  <suite name="Default suite" duration-ms="22481" started-at="2019-08-11T18:40:30Z" finished-at="2019-08-11T18:40:52Z">
    <groups>
    </groups>
    <test name="Default test" duration-ms="22481" started-at="2019-08-11T18:40:30Z" finished-at="2019-08-11T18:40:52Z">
      <class name="com.assignment.testclass.HomePageTest">
        <test-method status="PASS" signature="initialize()[pri:0, instance:com.assignment.testclass.HomePageTest@15ff3e9e]" name="initialize" is-config="true" duration-ms="12214" started-at="2019-08-12T00:10:18Z" finished-at="2019-08-12T00:10:30Z">
          <reporter-output>
          </reporter-output>
        </test-method> <!-- initialize -->
        <test-method status="PASS" signature="preRequisites()[pri:0, instance:com.assignment.testclass.HomePageTest@15ff3e9e]" name="preRequisites" duration-ms="69" started-at="2019-08-12T00:10:30Z" finished-at="2019-08-12T00:10:30Z">
          <reporter-output>
          </reporter-output>
        </test-method> <!-- preRequisites -->
        <test-method status="PASS" signature="signIn()[pri:0, instance:com.assignment.testclass.HomePageTest@15ff3e9e]" name="signIn" duration-ms="2412" started-at="2019-08-12T00:10:30Z" finished-at="2019-08-12T00:10:32Z">
          <reporter-output>
          </reporter-output>
        </test-method> <!-- signIn -->
        <test-method status="PASS" signature="registerUser()[pri:0, instance:com.assignment.testclass.HomePageTest@15ff3e9e]" name="registerUser" duration-ms="7333" started-at="2019-08-12T00:10:32Z" finished-at="2019-08-12T00:10:40Z">
          <reporter-output>
          </reporter-output>
        </test-method> <!-- registerUser -->
        <test-method status="PASS" signature="addToCart()[pri:0, instance:com.assignment.testclass.HomePageTest@15ff3e9e]" name="addToCart" duration-ms="11868" started-at="2019-08-12T00:10:40Z" finished-at="2019-08-12T00:10:52Z">
          <reporter-output>
          </reporter-output>
        </test-method> <!-- addToCart -->
        <test-method status="PASS" signature="verifyPriceOnSummaryPage()[pri:0, instance:com.assignment.testclass.HomePageTest@15ff3e9e]" name="verifyPriceOnSummaryPage" duration-ms="770" started-at="2019-08-12T00:10:52Z" finished-at="2019-08-12T00:10:52Z">
          <reporter-output>
          </reporter-output>
        </test-method> <!-- verifyPriceOnSummaryPage -->
        <test-method status="PASS" signature="tearDown()[pri:0, instance:com.assignment.testclass.HomePageTest@15ff3e9e]" name="tearDown" is-config="true" duration-ms="186" started-at="2019-08-12T00:10:52Z" finished-at="2019-08-12T00:10:53Z">
          <reporter-output>
          </reporter-output>
        </test-method> <!-- tearDown -->
      </class> <!-- com.assignment.testclass.HomePageTest -->
    </test> <!-- Default test -->
  </suite> <!-- Default suite -->
</testng-results>
